<?xml version="1.0" encoding="UTF-8"?>
<!-- Generated by org.testng.reporters.JUnitXMLReporter -->
<testsuite ignored="0" hostname="AJEET" failures="1" tests="1" name="Test" time="25.801" errors="0" timestamp="2023-02-14T10:48:22 IST">
  <testcase classname="io.cucumber.testng.AbstractTestNGCucumberTests" name="runScenario" time="24.928">
    <failure type="java.lang.AssertionError" message="expected [Please enter valid length not more than 32 characters] but found []">
      <![CDATA[java.lang.AssertionError: expected [Please enter valid length not more than 32 characters] but found []
at action.CreateCaseActions.ableToSeeMessage(CreateCaseActions.java:64)
at steps.CreateCaseSteps.userAbleTOSeeMessage(CreateCaseSteps.java:38)
at ✽.user should able to see "Please enter valid length not more than 32 characters" on "iLMS RevisedComplianceReason Message"(file:///D:/Piramal/Piramal-QA/src/test/resources/Features/JudgementValidation.feature:51)
... Removed 6 stack frames]]>
    </failure>
  </testcase> <!-- runScenario -->
</testsuite> <!-- Test -->
