<?xml version="1.0" encoding="UTF-8"?>
<!-- Generated by org.testng.reporters.JUnitReportReporter -->
<testsuite hostname="AJEET" failures="1" tests="1" name="runnerClass.RunnerClass" time="24.928" errors="0" timestamp="2023-02-14T10:48:22 IST" skipped="0">
  <testcase classname="runnerClass.RunnerClass" name="runScenario" time="24.928">
    <failure message="expected [Please enter valid length not more than 32 characters] but found []" type="java.lang.AssertionError">
      <![CDATA[java.lang.AssertionError: expected [Please enter valid length not more than 32 characters] but found []
at org.testng.Assert.fail(Assert.java:110)
at org.testng.Assert.failNotEquals(Assert.java:1413)
at org.testng.Assert.assertEqualsImpl(Assert.java:149)
at org.testng.Assert.assertEquals(Assert.java:131)
at org.testng.Assert.assertEquals(Assert.java:655)
at org.testng.Assert.assertEquals(Assert.java:665)
at action.CreateCaseActions.ableToSeeMessage(CreateCaseActions.java:64)
at steps.CreateCaseSteps.userAbleTOSeeMessage(CreateCaseSteps.java:38)
at ✽.user should able to see "Please enter valid length not more than 32 characters" on "iLMS RevisedComplianceReason Message"(file:///D:/Piramal/Piramal-QA/src/test/resources/Features/JudgementValidation.feature:51)
]]>
    </failure>
  </testcase> <!-- runScenario -->
  <system-out/>
</testsuite> <!-- runnerClass.RunnerClass -->
