<?xml version="1.0" encoding="UTF-8"?>
<testsuite xmlns:xsi="http://www.w3.org/2001/XMLSchema-instance" xsi:noNamespaceSchemaLocation="https://maven.apache.org/surefire/maven-surefire-plugin/xsd/surefire-test-report-3.0.xsd" version="3.0" name="TestSuite" time="26.309" tests="1" errors="0" skipped="0" failures="1">
  <properties>
[...]
</properties>
  <testcase name="runScenario[&quot;Verify the Reason for revised compliance date text box&quot;, &quot;Judgement Field Validation&quot;](1)" classname="runnerClass.RunnerClass" time="24.934">
    <failure message="expected [Please enter valid length not more than 32 characters] but found []" type="java.lang.AssertionError"><![CDATA[java.lang.AssertionError: expected [Please enter valid length not more than 32 characters] but found []
	at org.testng.Assert.fail(Assert.java:110)
	at org.testng.Assert.failNotEquals(Assert.java:1413)
	at org.testng.Assert.assertEqualsImpl(Assert.java:149)
	at org.testng.Assert.assertEquals(Assert.java:131)
	at org.testng.Assert.assertEquals(Assert.java:655)
	at org.testng.Assert.assertEquals(Assert.java:665)
	at action.CreateCaseActions.ableToSeeMessage(CreateCaseActions.java:64)
	at steps.CreateCaseSteps.userAbleTOSeeMessage(CreateCaseSteps.java:38)
	at ✽.user should able to see "Please enter valid length not more than 32 characters" on "iLMS RevisedComplianceReason Message"(file:///D:/Piramal/Piramal-QA/src/test/resources/Features/JudgementValidation.feature:51)
]]></failure>
    <system-out><![CDATA[
@iLMS @J_04
Scenario: Verify the Reason for revised compliance date text box                                                                 &amp#27;[90m# src/test/resources/Features/JudgementValidation.feature:43&amp#27;[0m
  &amp#27;[32mAnd &amp#27;[0m&amp#27;[32muser enter &amp#27;[0m&amp#27;[32m&amp#27;[1m"EMP_DEC"&amp#27;[0m&amp#27;[32m in &amp#27;[0m&amp#27;[32m&amp#27;[1m"iLMS_UserName"&amp#27;[0m                                                                                    &amp#27;[90m# steps.CreateCaseSteps.userEnterText(java.lang.String,java.lang.String)&amp#27;[0m
  &amp#27;[32mAnd &amp#27;[0m&amp#27;[32muser enter &amp#27;[0m&amp#27;[32m&amp#27;[1m"E5mO#7mS"&amp#27;[0m&amp#27;[32m in &amp#27;[0m&amp#27;[32m&amp#27;[1m"iLMS_Password"&amp#27;[0m                                                                                   &amp#27;[90m# steps.CreateCaseSteps.userEnterText(java.lang.String,java.lang.String)&amp#27;[0m
  &amp#27;[32mAnd &amp#27;[0m&amp#27;[32muser click on the &amp#27;[0m&amp#27;[32m&amp#27;[1m"iLMS_Continue"&amp#27;[0m&amp#27;[32m button&amp#27;[0m                                                                                   &amp#27;[90m# steps.CreateCaseSteps.userClickOnButton(java.lang.String)&amp#27;[0m
  &amp#27;[32mGiven &amp#27;[0m&amp#27;[32muser click on the &amp#27;[0m&amp#27;[32m&amp#27;[1m"iLMS_Inbox"&amp#27;[0m&amp#27;[32m button&amp#27;[0m                                                                                    &amp#27;[90m# steps.CreateCaseSteps.userClickOnButton(java.lang.String)&amp#27;[0m
  &amp#27;[32mAnd &amp#27;[0m&amp#27;[32muser enter &amp#27;[0m&amp#27;[32m&amp#27;[1m"CASENUMBER22"&amp#27;[0m&amp#27;[32m in &amp#27;[0m&amp#27;[32m&amp#27;[1m"iLMS_CaseSearchBox"&amp#27;[0m                                                                          &amp#27;[90m# steps.CreateCaseSteps.userEnterText(java.lang.String,java.lang.String)&amp#27;[0m
  &amp#27;[32mAnd &amp#27;[0m&amp#27;[32muser click on the &amp#27;[0m&amp#27;[32m&amp#27;[1m"iLMS_Search"&amp#27;[0m&amp#27;[32m button&amp#27;[0m                                                                                     &amp#27;[90m# steps.CreateCaseSteps.userClickOnButton(java.lang.String)&amp#27;[0m
  &amp#27;[32mAnd &amp#27;[0m&amp#27;[32muser select &amp#27;[0m&amp#27;[32m&amp#27;[1m"CASENUMBER22"&amp#27;[0m&amp#27;[32m from list &amp#27;[0m&amp#27;[32m&amp#27;[1m"iLMS_CaseList"&amp#27;[0m                                                                       &amp#27;[90m# steps.CreateCaseSteps.selectValue(java.lang.String,java.lang.String)&amp#27;[0m
  &amp#27;[32mAnd &amp#27;[0m&amp#27;[32muser scroll down page by &amp#27;[0m&amp#27;[32m&amp#27;[1m"2500"&amp#27;[0m&amp#27;[32m pixel&amp#27;[0m                                                                                      &amp#27;[90m# steps.CreateCaseSteps.scrollDownPage(java.lang.String)&amp#27;[0m
  &amp#27;[32mAnd &amp#27;[0m&amp#27;[32muser click on the &amp#27;[0m&amp#27;[32m&amp#27;[1m"iLMS Add Judgement"&amp#27;[0m&amp#27;[32m button&amp#27;[0m                                                                              &amp#27;[90m# steps.CreateCaseSteps.userClickOnButton(java.lang.String)&amp#27;[0m
  &amp#27;[32mAnd &amp#27;[0m&amp#27;[32muser enter &amp#27;[0m&amp#27;[32m&amp#27;[1m"a                               a"&amp#27;[0m&amp#27;[32m in &amp#27;[0m&amp#27;[32m&amp#27;[1m"iLMS RevisedComplianceReason"&amp#27;[0m                                           &amp#27;[90m# steps.CreateCaseSteps.userEnterText(java.lang.String,java.lang.String)&amp#27;[0m
  &amp#27;[31mThen &amp#27;[0m&amp#27;[31muser should able to see &amp#27;[0m&amp#27;[31m&amp#27;[1m"Please enter valid length not more than 32 characters"&amp#27;[0m&amp#27;[31m on &amp#27;[0m&amp#27;[31m&amp#27;[1m"iLMS RevisedComplianceReason Message"&amp#27;[0m &amp#27;[90m# steps.CreateCaseSteps.userAbleTOSeeMessage(java.lang.String,java.lang.String)&amp#27;[0m
      &amp#27;[31mjava.lang.AssertionError: expected [Please enter valid length not more than 32 characters] but found []
	at org.testng.Assert.fail(Assert.java:110)
	at org.testng.Assert.failNotEquals(Assert.java:1413)
	at org.testng.Assert.assertEqualsImpl(Assert.java:149)
	at org.testng.Assert.assertEquals(Assert.java:131)
	at org.testng.Assert.assertEquals(Assert.java:655)
	at org.testng.Assert.assertEquals(Assert.java:665)
	at action.CreateCaseActions.ableToSeeMessage(CreateCaseActions.java:64)
	at steps.CreateCaseSteps.userAbleTOSeeMessage(CreateCaseSteps.java:38)
	at âœ½.user should able to see "Please enter valid length not more than 32 characters" on "iLMS RevisedComplianceReason Message"(file:///D:/Piramal/Piramal-QA/src/test/resources/Features/JudgementValidation.feature:51)
&amp#27;[0m

    Embedding Verify the Reason for revised compliance date text box [image/png 37915 bytes]

]]></system-out>
    <system-err><![CDATA[SLF4J: No SLF4J providers were found.
SLF4J: Defaulting to no-operation (NOP) logger implementation
SLF4J: See https://www.slf4j.org/codes.html#noProviders for further details.
log4j:WARN No appenders could be found for logger (io.netty.util.internal.logging.InternalLoggerFactory).
log4j:WARN Please initialize the log4j system properly.
log4j:WARN See http://logging.apache.org/log4j/1.2/faq.html#noconfig for more info.
Starting ChromeDriver 109.0.5414.74 (e7c5703604daa9cc128ccf5a5d3e993513758913-refs/branch-heads/5414@{#1172}) on port 5785
Only local connections are allowed.
Please see https://chromedriver.chromium.org/security-considerations for suggestions on keeping ChromeDriver safe.
ChromeDriver was started successfully.
Feb 14, 2023 10:48:00 AM org.openqa.selenium.devtools.CdpVersionFinder findNearestMatch
WARNING: Unable to find an exact match for CDP version 109, so returning the closest version found: 107
]]></system-err>
  </testcase>
</testsuite>